15:55:59 **** Incremental Build of configuration Debug for project genera_midi_2 ****
make all 
Building file: ../Middlewares/ST/STM32_USB_Host_Library/Core/Src/usbh_core.c
Invoking: MCU GCC Compiler
/Users/airship/Documents/genera_workspace/genera_midi_2/Debug
arm-none-eabi-gcc -mcpu=cortex-m7 -mthumb -mfloat-abi=hard -mfpu=fpv5-d16 '-D__weak=__attribute__((weak))' '-D__packed="__attribute__((__packed__))"' -DUSE_HAL_DRIVER -DSTM32F765xx -I"/Users/airship/Documents/genera_workspace/genera_midi_2/Inc" -I"/Users/airship/Documents/genera_workspace/genera_midi_2/Drivers/STM32F7xx_HAL_Driver/Inc" -I"/Users/airship/Documents/genera_workspace/genera_midi_2/Drivers/STM32F7xx_HAL_Driver/Inc/Legacy" -I"/Users/airship/Documents/genera_workspace/genera_midi_2/Middlewares/ST/STM32_USB_Host_Library/Core/Inc" -I"/Users/airship/Documents/genera_workspace/genera_midi_2/Middlewares/ST/STM32_USB_Host_Library/Class/AUDIO/Inc" -I"/Users/airship/Documents/genera_workspace/genera_midi_2/Drivers/CMSIS/Device/ST/STM32F7xx/Include" -I"/Users/airship/Documents/genera_workspace/genera_midi_2/Drivers/CMSIS/Include"  -Og -g3 -Wall -fmessage-length=0 -ffunction-sections -c -fmessage-length=0 -MMD -MP -MF"Middlewares/ST/STM32_USB_Host_Library/Core/Src/usbh_core.d" -MT"Middlewares/ST/STM32_USB_Host_Library/Core/Src/usbh_core.o" -o "Middlewares/ST/STM32_USB_Host_Library/Core/Src/usbh_core.o" "../Middlewares/ST/STM32_USB_Host_Library/Core/Src/usbh_core.c"
In file included from ../Middlewares/ST/STM32_USB_Host_Library/Core/Src/usbh_core.c:30:0:
/Users/airship/Documents/genera_workspace/genera_midi_2/Middlewares/ST/STM32_USB_Host_Library/Core/Inc/usbh_core.h:37:23: fatal error: usbh_conf.h: No such file or directory
 #include "usbh_conf.h"
                       ^
compilation terminated.
make: *** [Middlewares/ST/STM32_USB_Host_Library/Core/Src/usbh_core.o] Error 1

15:56:00 Build Finished (took 198ms)

